Performing C SOURCE FILE Test CMAKE_HAVE_LIBC_PTHREAD failed with the following output:
Change Dir: D:/ComputerScience/cs_2023_Winter_LearnOpenGL/build/CMakeFiles/CMakeTmp

Run Build Command(s):C:/Program Files/Microsoft Visual Studio/2022/Community/MSBuild/Current/Bin/amd64/MSBuild.exe cmTC_a7061.vcxproj /p:Configuration=Debug /p:Platform=x64 /p:VisualStudioVersion=17.0 /v:m && MSBuild version 17.4.1+9a89d02ff for .NET Framework
  用于 x64 的 Microsoft (R) C/C++ 优化编译器 19.34.31937 版
  版权所有(C) Microsoft Corporation。保留所有权利。
  src.c
  cl /c /Zi /W3 /WX- /diagnostics:column /Od /Ob0 /D _MBCS /D WIN32 /D _WINDOWS /D CMAKE_HAVE_LIBC_PTHREAD /D "CMAKE_INTDIR=\"Debug\"" /Gm- /RTC1 /MDd /GS /fp:precise /Zc:wchar_t /Zc:forScope /Zc:inline /Fo"cmTC_a7061.dir\Debug\\" /Fd"cmTC_a7061.dir\Debug\vc143.pdb" /external:W3 /Gd /TC /errorReport:queue D:\ComputerScience\cs_2023_Winter_LearnOpenGL\build\CMakeFiles\CMakeTmp\src.c
D:\ComputerScience\cs_2023_Winter_LearnOpenGL\build\CMakeFiles\CMakeTmp\src.c(1,10): fatal  error C1083: 无法打开包括文件: “pthread.h”: No such file or directory [D:\ComputerScience\cs_2023_Winter_LearnOpenGL\build\CMakeFiles\CMakeTmp\cmTC_a7061.vcxproj]


Source file was:
#include <pthread.h>

static void* test_func(void* data)
{
  return data;
}

int main(void)
{
  pthread_t thread;
  pthread_create(&thread, NULL, test_func, NULL);
  pthread_detach(thread);
  pthread_cancel(thread);
  pthread_join(thread, NULL);
  pthread_atfork(NULL, NULL, NULL);
  pthread_exit(NULL);

  return 0;
}

Determining if the function pthread_create exists in the pthreads failed with the following output:
Change Dir: D:/ComputerScience/cs_2023_Winter_LearnOpenGL/build/CMakeFiles/CMakeTmp

Run Build Command(s):C:/Program Files/Microsoft Visual Studio/2022/Community/MSBuild/Current/Bin/amd64/MSBuild.exe cmTC_fc351.vcxproj /p:Configuration=Debug /p:Platform=x64 /p:VisualStudioVersion=17.0 /v:m && MSBuild version 17.4.1+9a89d02ff for .NET Framework
  用于 x64 的 Microsoft (R) C/C++ 优化编译器 19.34.31937 版
  CheckFunctionExists.c
  版权所有(C) Microsoft Corporation。保留所有权利。
  cl /c /Zi /W3 /WX- /diagnostics:column /Od /Ob0 /D _MBCS /D WIN32 /D _WINDOWS /D CHECK_FUNCTION_EXISTS=pthread_create /D "CMAKE_INTDIR=\"Debug\"" /Gm- /RTC1 /MDd /GS /fp:precise /Zc:wchar_t /Zc:forScope /Zc:inline /Fo"cmTC_fc351.dir\Debug\\" /Fd"cmTC_fc351.dir\Debug\vc143.pdb" /external:W3 /Gd /TC /errorReport:queue "D:\CMake\share\cmake-3.24\Modules\CheckFunctionExists.c"
LINK : fatal error LNK1104: 无法打开文件“pthreads.lib” [D:\ComputerScience\cs_2023_Winter_LearnOpenGL\build\CMakeFiles\CMakeTmp\cmTC_fc351.vcxproj]



Determining if the function pthread_create exists in the pthread failed with the following output:
Change Dir: D:/ComputerScience/cs_2023_Winter_LearnOpenGL/build/CMakeFiles/CMakeTmp

Run Build Command(s):C:/Program Files/Microsoft Visual Studio/2022/Community/MSBuild/Current/Bin/amd64/MSBuild.exe cmTC_032a0.vcxproj /p:Configuration=Debug /p:Platform=x64 /p:VisualStudioVersion=17.0 /v:m && MSBuild version 17.4.1+9a89d02ff for .NET Framework
  用于 x64 的 Microsoft (R) C/C++ 优化编译器 19.34.31937 版
  CheckFunctionExists.c
  版权所有(C) Microsoft Corporation。保留所有权利。
  cl /c /Zi /W3 /WX- /diagnostics:column /Od /Ob0 /D _MBCS /D WIN32 /D _WINDOWS /D CHECK_FUNCTION_EXISTS=pthread_create /D "CMAKE_INTDIR=\"Debug\"" /Gm- /RTC1 /MDd /GS /fp:precise /Zc:wchar_t /Zc:forScope /Zc:inline /Fo"cmTC_032a0.dir\Debug\\" /Fd"cmTC_032a0.dir\Debug\vc143.pdb" /external:W3 /Gd /TC /errorReport:queue "D:\CMake\share\cmake-3.24\Modules\CheckFunctionExists.c"
LINK : fatal error LNK1104: 无法打开文件“pthread.lib” [D:\ComputerScience\cs_2023_Winter_LearnOpenGL\build\CMakeFiles\CMakeTmp\cmTC_032a0.vcxproj]



